Build started 2017-01-09 16:10:56.
     1>Project "C:\Users\Erik\Documents\Visual Studio 2015\Projects\waterAnimationTSBK03\Hav\Hav.vcxproj" on node 2 (Build target(s)).
     1>ClCompile:
         C:\Program Files (x86)\Microsoft Visual Studio 14.0\VC\bin\CL.exe /c /I"C:\Users\Erik\Documents\Visual Studio 2015\Projects\TSBK03\Hav" /ZI /nologo /W3 /WX- /sdl /Od /Oy- /D _CRT_SECURE_NO_WARNINGS /D _MBCS /Gm /EHsc /RTC1 /MDd /GS /fp:precise /Zc:wchar_t /Zc:forScope /Zc:inline /Fo"Debug\\" /Fd"Debug\vc140.pdb" /Gd /TP /analyze- /errorReport:prompt TriangleSoup.cpp
         TriangleSoup.cpp
     1>c:\users\erik\documents\visual studio 2015\projects\wateranimationtsbk03\hav\trianglesoup.cpp(101): warning C4101: 'indexed_bitangents': unreferenced local variable
     1>c:\users\erik\documents\visual studio 2015\projects\wateranimationtsbk03\hav\trianglesoup.cpp(100): warning C4101: 'indexed_tangents': unreferenced local variable
     1>c:\users\erik\documents\visual studio 2015\projects\wateranimationtsbk03\hav\trianglesoup.cpp(375): warning C4244: '=': conversion from 'double' to 'float', possible loss of data
     1>c:\users\erik\documents\visual studio 2015\projects\wateranimationtsbk03\hav\trianglesoup.cpp(376): warning C4244: '=': conversion from 'double' to 'float', possible loss of data
     1>c:\users\erik\documents\visual studio 2015\projects\wateranimationtsbk03\hav\trianglesoup.cpp(379): warning C4244: '=': conversion from 'double' to 'float', possible loss of data
     1>c:\users\erik\documents\visual studio 2015\projects\wateranimationtsbk03\hav\trianglesoup.cpp(380): warning C4244: '=': conversion from 'double' to 'float', possible loss of data
       Link:
         C:\Program Files (x86)\Microsoft Visual Studio 14.0\VC\bin\link.exe /ERRORREPORT:PROMPT /OUT:"C:\Users\Erik\Documents\Visual Studio 2015\Projects\waterAnimationTSBK03\Debug\Hav.exe" /INCREMENTAL /NOLOGO glew32.lib opengl32.lib glfw3.lib kernel32.lib user32.lib gdi32.lib winspool.lib comdlg32.lib advapi32.lib shell32.lib ole32.lib oleaut32.lib uuid.lib odbc32.lib odbccp32.lib /MANIFEST /MANIFESTUAC:"level='asInvoker' uiAccess='false'" /manifest:embed /Debug /PDB:"C:\Users\Erik\Documents\Visual Studio 2015\Projects\waterAnimationTSBK03\Debug\Hav.pdb" /TLBID:1 /DYNAMICBASE /NXCOMPAT /IMPLIB:"C:\Users\Erik\Documents\Visual Studio 2015\Projects\waterAnimationTSBK03\Debug\Hav.lib" /MACHINE:X86 Debug\controls.obj
         Debug\GLprimer.obj
         Debug\Shader.obj
         Debug\Texture.obj
         Debug\TriangleSoup.obj
         Debug\Utilities.obj
         Hav.vcxproj -> C:\Users\Erik\Documents\Visual Studio 2015\Projects\waterAnimationTSBK03\Debug\Hav.exe
     1>Done Building Project "C:\Users\Erik\Documents\Visual Studio 2015\Projects\waterAnimationTSBK03\Hav\Hav.vcxproj" (Build target(s)).

Build succeeded.

Time Elapsed 00:00:01.14
